<?xml version="1.0" encoding="UTF-8"?>
<!-- Generated by org.testng.reporters.JUnitReportReporter -->
<testsuite hostname="DESKTOP-Q3CJFLA" name="com.zee5.PWASanityScripts.WebPWASanityScript" tests="1" failures="0" timestamp="4 Sep 2020 11:17:22 GMT" time="0.033" errors="0">
  <testcase name="PWAWEBLogin" time="0.033" classname="com.zee5.PWASanityScripts.WebPWASanityScript"/>
</testsuite> <!-- com.zee5.PWASanityScripts.WebPWASanityScript -->
